0 info it worked if it ends with ok
1 verbose cli [ '/usr/local/bin/node', '/usr/local/bin/npm', 'run', 'dev-serv' ]
2 info using npm@3.8.9
3 info using node@v6.2.0
4 verbose run-script [ 'predev-serv', 'dev-serv', 'postdev-serv' ]
5 info lifecycle client@1.0.0~predev-serv: client@1.0.0
6 silly lifecycle client@1.0.0~predev-serv: no script for predev-serv, continuing
7 info lifecycle client@1.0.0~dev-serv: client@1.0.0
8 verbose lifecycle client@1.0.0~dev-serv: unsafe-perm in lifecycle true
9 verbose lifecycle client@1.0.0~dev-serv: PATH: /usr/local/lib/node_modules/npm/bin/node-gyp-bin:/Users/Jonny/Documents/Parts Ordering system/broce/client/node_modules/.bin:/usr/local/bin:/usr/local/bin:/usr/bin:/bin:/usr/sbin:/sbin
10 verbose lifecycle client@1.0.0~dev-serv: CWD: /Users/Jonny/Documents/Parts Ordering system/broce/client
11 silly lifecycle client@1.0.0~dev-serv: Args: [ '-c',
11 silly lifecycle   'node node_modules/.bin/webpack-dev-server --content-base public_js/ --hot --inline' ]
12 silly lifecycle client@1.0.0~dev-serv: Returned: code: 1  signal: null
13 info lifecycle client@1.0.0~dev-serv: Failed to exec dev-serv script
14 verbose stack Error: client@1.0.0 dev-serv: `node node_modules/.bin/webpack-dev-server --content-base public_js/ --hot --inline`
14 verbose stack Exit status 1
14 verbose stack     at EventEmitter.<anonymous> (/usr/local/lib/node_modules/npm/lib/utils/lifecycle.js:245:16)
14 verbose stack     at emitTwo (events.js:106:13)
14 verbose stack     at EventEmitter.emit (events.js:191:7)
14 verbose stack     at ChildProcess.<anonymous> (/usr/local/lib/node_modules/npm/lib/utils/spawn.js:24:14)
14 verbose stack     at emitTwo (events.js:106:13)
14 verbose stack     at ChildProcess.emit (events.js:191:7)
14 verbose stack     at maybeClose (internal/child_process.js:850:16)
14 verbose stack     at Process.ChildProcess._handle.onexit (internal/child_process.js:215:5)
15 verbose pkgid client@1.0.0
16 verbose cwd /Users/Jonny/Documents/Parts Ordering system/broce/client
17 error Darwin 15.4.0
18 error argv "/usr/local/bin/node" "/usr/local/bin/npm" "run" "dev-serv"
19 error node v6.2.0
20 error npm  v3.8.9
21 error code ELIFECYCLE
22 error client@1.0.0 dev-serv: `node node_modules/.bin/webpack-dev-server --content-base public_js/ --hot --inline`
22 error Exit status 1
23 error Failed at the client@1.0.0 dev-serv script 'node node_modules/.bin/webpack-dev-server --content-base public_js/ --hot --inline'.
23 error Make sure you have the latest version of node.js and npm installed.
23 error If you do, this is most likely a problem with the client package,
23 error not with npm itself.
23 error Tell the author that this fails on your system:
23 error     node node_modules/.bin/webpack-dev-server --content-base public_js/ --hot --inline
23 error You can get information on how to open an issue for this project with:
23 error     npm bugs client
23 error Or if that isn't available, you can get their info via:
23 error     npm owner ls client
23 error There is likely additional logging output above.
24 verbose exit [ 1, true ]
